Flow report for system
Tue Feb 26 12:25:54 2013
Quartus II Version 9.1 Build 350 03/24/2010 Service Pack 2 SJ Web Edition


---------------------
; Table of Contents ;
---------------------
  1. Legal Notice
  2. Flow Summary
  3. Flow Settings
  4. Flow Non-Default Global Settings
  5. Flow Elapsed Time
  6. Flow OS Summary
  7. Flow Log



----------------
; Legal Notice ;
----------------
Copyright (C) 1991-2010 Altera Corporation
Your use of Altera Corporation's design tools, logic functions 
and other software and tools, and its AMPP partner logic 
functions, and any output files from any of the foregoing 
(including device programming or simulation files), and any 
associated documentation or information are expressly subject 
to the terms and conditions of the Altera Program License 
Subscription Agreement, Altera MegaCore Function License 
Agreement, or other applicable license agreement, including, 
without limitation, that your use is for the sole purpose of 
programming logic devices manufactured by Altera and sold by 
Altera or its authorized distributors.  Please refer to the 
applicable agreement for further details.



+-----------------------------------------------------------------------------------+
; Flow Summary                                                                      ;
+------------------------------------+----------------------------------------------+
; Flow Status                        ; Successful - Tue Feb 26 12:25:53 2013        ;
; Quartus II Version                 ; 9.1 Build 350 03/24/2010 SP 2 SJ Web Edition ;
; Revision Name                      ; system                                       ;
; Top-level Entity Name              ; system                                       ;
; Family                             ; Cyclone II                                   ;
; Device                             ; EP2C20F484C7                                 ;
; Timing Models                      ; Final                                        ;
; Met timing requirements            ; No                                           ;
; Total logic elements               ; 265 / 18,752 ( 1 % )                         ;
;     Total combinational functions  ; 265 / 18,752 ( 1 % )                         ;
;     Dedicated logic registers      ; 51 / 18,752 ( < 1 % )                        ;
; Total registers                    ; 51                                           ;
; Total pins                         ; 27 / 315 ( 9 % )                             ;
; Total virtual pins                 ; 0                                            ;
; Total memory bits                  ; 0 / 239,616 ( 0 % )                          ;
; Embedded Multiplier 9-bit elements ; 0 / 52 ( 0 % )                               ;
; Total PLLs                         ; 0 / 4 ( 0 % )                                ;
+------------------------------------+----------------------------------------------+


+-----------------------------------------+
; Flow Settings                           ;
+-------------------+---------------------+
; Option            ; Setting             ;
+-------------------+---------------------+
; Start date & time ; 02/26/2013 12:25:39 ;
; Main task         ; Compilation         ;
; Revision Name     ; system              ;
+-------------------+---------------------+


+-----------------------------------------------------------------------------------------------------------------------------------------------+
; Flow Non-Default Global Settings                                                                                                              ;
+------------------------------------+-----------------------------------------------------------+---------------+-------------+----------------+
; Assignment Name                    ; Value                                                     ; Default Value ; Entity Name ; Section Id     ;
+------------------------------------+-----------------------------------------------------------+---------------+-------------+----------------+
; COMPILER_SIGNATURE_ID              ; 85505994583.136189953906112                               ; --            ; --          ; --             ;
; MAX_CORE_JUNCTION_TEMP             ; 85                                                        ; --            ; --          ; --             ;
; MIN_CORE_JUNCTION_TEMP             ; 0                                                         ; --            ; --          ; --             ;
; MISC_FILE                          ; D:/Purdue/Spring 2012/229/Labs/Lab 8/Pong/Lab8/system.dpf ; --            ; --          ; --             ;
; MISC_FILE                          ; D:/Purdue/Spring 2013/229/Labs/Lab 8/Pong/Lab8/system.dpf ; --            ; --          ; --             ;
; PARTITION_COLOR                    ; 16764057                                                  ; --            ; --          ; Top            ;
; PARTITION_NETLIST_TYPE             ; SOURCE                                                    ; --            ; --          ; Top            ;
; USE_GENERATED_PHYSICAL_CONSTRAINTS ; Off                                                       ; --            ; --          ; eda_blast_fpga ;
+------------------------------------+-----------------------------------------------------------+---------------+-------------+----------------+


+-----------------------------------------------------------------------------------------------------------------------------+
; Flow Elapsed Time                                                                                                           ;
+-------------------------+--------------+-------------------------+---------------------+------------------------------------+
; Module Name             ; Elapsed Time ; Average Processors Used ; Peak Virtual Memory ; Total CPU Time (on all processors) ;
+-------------------------+--------------+-------------------------+---------------------+------------------------------------+
; Analysis & Synthesis    ; 00:00:03     ; 1.0                     ; 169 MB              ; 00:00:02                           ;
; Fitter                  ; 00:00:05     ; 1.0                     ; 196 MB              ; 00:00:05                           ;
; Assembler               ; 00:00:02     ; 1.0                     ; 180 MB              ; 00:00:02                           ;
; Classic Timing Analyzer ; 00:00:00     ; 1.0                     ; 116 MB              ; 00:00:00                           ;
; Total                   ; 00:00:10     ; --                      ; --                  ; 00:00:09                           ;
+-------------------------+--------------+-------------------------+---------------------+------------------------------------+


+---------------------------------------------------------------------------------------+
; Flow OS Summary                                                                       ;
+-------------------------+------------------+------------+------------+----------------+
; Module Name             ; Machine Hostname ; OS Name    ; OS Version ; Processor type ;
+-------------------------+------------------+------------+------------+----------------+
; Analysis & Synthesis    ; K195-A           ; Windows XP ; 5.1        ; i686           ;
; Fitter                  ; K195-A           ; Windows XP ; 5.1        ; i686           ;
; Assembler               ; K195-A           ; Windows XP ; 5.1        ; i686           ;
; Classic Timing Analyzer ; K195-A           ; Windows XP ; 5.1        ; i686           ;
+-------------------------+------------------+------------+------------+----------------+


------------
; Flow Log ;
------------
quartus_map --read_settings_files=on --write_settings_files=off system -c system
quartus_fit --read_settings_files=off --write_settings_files=off system -c system
quartus_asm --read_settings_files=off --write_settings_files=off system -c system
quartus_tan --read_settings_files=off --write_settings_files=off system -c system --timing_analysis_only



