Analysis & Synthesis report for system
Tue Feb 26 12:25:41 2013
Quartus II Version 9.1 Build 350 03/24/2010 Service Pack 2 SJ Web Edition


---------------------
; Table of Contents ;
---------------------
  1. Legal Notice
  2. Analysis & Synthesis Summary
  3. Analysis & Synthesis Settings
  4. Parallel Compilation
  5. Analysis & Synthesis Source Files Read
  6. Analysis & Synthesis Resource Usage Summary
  7. Analysis & Synthesis Resource Utilization by Entity
  8. Registers Removed During Synthesis
  9. General Register Statistics
 10. Analysis & Synthesis Messages



----------------
; Legal Notice ;
----------------
Copyright (C) 1991-2010 Altera Corporation
Your use of Altera Corporation's design tools, logic functions 
and other software and tools, and its AMPP partner logic 
functions, and any output files from any of the foregoing 
(including device programming or simulation files), and any 
associated documentation or information are expressly subject 
to the terms and conditions of the Altera Program License 
Subscription Agreement, Altera MegaCore Function License 
Agreement, or other applicable license agreement, including, 
without limitation, that your use is for the sole purpose of 
programming logic devices manufactured by Altera and sold by 
Altera or its authorized distributors.  Please refer to the 
applicable agreement for further details.



+-----------------------------------------------------------------------------------+
; Analysis & Synthesis Summary                                                      ;
+------------------------------------+----------------------------------------------+
; Analysis & Synthesis Status        ; Successful - Tue Feb 26 12:25:41 2013        ;
; Quartus II Version                 ; 9.1 Build 350 03/24/2010 SP 2 SJ Web Edition ;
; Revision Name                      ; system                                       ;
; Top-level Entity Name              ; system                                       ;
; Family                             ; Cyclone II                                   ;
; Total logic elements               ; 265                                          ;
;     Total combinational functions  ; 265                                          ;
;     Dedicated logic registers      ; 51                                           ;
; Total registers                    ; 51                                           ;
; Total pins                         ; 27                                           ;
; Total virtual pins                 ; 0                                            ;
; Total memory bits                  ; 0                                            ;
; Embedded Multiplier 9-bit elements ; 0                                            ;
; Total PLLs                         ; 0                                            ;
+------------------------------------+----------------------------------------------+


+----------------------------------------------------------------------------------------------------------------------+
; Analysis & Synthesis Settings                                                                                        ;
+----------------------------------------------------------------------------+--------------------+--------------------+
; Option                                                                     ; Setting            ; Default Value      ;
+----------------------------------------------------------------------------+--------------------+--------------------+
; Device                                                                     ; EP2C20F484C7       ;                    ;
; Top-level entity name                                                      ; system             ; system             ;
; Family name                                                                ; Cyclone II         ; Stratix II         ;
; Use Generated Physical Constraints File                                    ; Off                ;                    ;
; Use smart compilation                                                      ; Off                ; Off                ;
; Enable parallel Assembler and TimeQuest Timing Analyzer during compilation ; On                 ; On                 ;
; Enable compact report table                                                ; Off                ; Off                ;
; Restructure Multiplexers                                                   ; Auto               ; Auto               ;
; Create Debugging Nodes for IP Cores                                        ; Off                ; Off                ;
; Preserve fewer node names                                                  ; On                 ; On                 ;
; Disable OpenCore Plus hardware evaluation                                  ; Off                ; Off                ;
; Verilog Version                                                            ; Verilog_2001       ; Verilog_2001       ;
; VHDL Version                                                               ; VHDL_1993          ; VHDL_1993          ;
; State Machine Processing                                                   ; Auto               ; Auto               ;
; Safe State Machine                                                         ; Off                ; Off                ;
; Extract Verilog State Machines                                             ; On                 ; On                 ;
; Extract VHDL State Machines                                                ; On                 ; On                 ;
; Ignore Verilog initial constructs                                          ; Off                ; Off                ;
; Iteration limit for constant Verilog loops                                 ; 5000               ; 5000               ;
; Iteration limit for non-constant Verilog loops                             ; 250                ; 250                ;
; Add Pass-Through Logic to Inferred RAMs                                    ; On                 ; On                 ;
; Parallel Synthesis                                                         ; On                 ; On                 ;
; DSP Block Balancing                                                        ; Auto               ; Auto               ;
; NOT Gate Push-Back                                                         ; On                 ; On                 ;
; Power-Up Don't Care                                                        ; On                 ; On                 ;
; Remove Redundant Logic Cells                                               ; Off                ; Off                ;
; Remove Duplicate Registers                                                 ; On                 ; On                 ;
; Ignore CARRY Buffers                                                       ; Off                ; Off                ;
; Ignore CASCADE Buffers                                                     ; Off                ; Off                ;
; Ignore GLOBAL Buffers                                                      ; Off                ; Off                ;
; Ignore ROW GLOBAL Buffers                                                  ; Off                ; Off                ;
; Ignore LCELL Buffers                                                       ; Off                ; Off                ;
; Ignore SOFT Buffers                                                        ; On                 ; On                 ;
; Limit AHDL Integers to 32 Bits                                             ; Off                ; Off                ;
; Optimization Technique                                                     ; Balanced           ; Balanced           ;
; Carry Chain Length                                                         ; 70                 ; 70                 ;
; Auto Carry Chains                                                          ; On                 ; On                 ;
; Auto Open-Drain Pins                                                       ; On                 ; On                 ;
; Perform WYSIWYG Primitive Resynthesis                                      ; Off                ; Off                ;
; Auto ROM Replacement                                                       ; On                 ; On                 ;
; Auto RAM Replacement                                                       ; On                 ; On                 ;
; Auto Shift Register Replacement                                            ; Auto               ; Auto               ;
; Auto Clock Enable Replacement                                              ; On                 ; On                 ;
; Strict RAM Replacement                                                     ; Off                ; Off                ;
; Allow Synchronous Control Signals                                          ; On                 ; On                 ;
; Force Use of Synchronous Clear Signals                                     ; Off                ; Off                ;
; Auto RAM to Logic Cell Conversion                                          ; Off                ; Off                ;
; Auto Resource Sharing                                                      ; Off                ; Off                ;
; Allow Any RAM Size For Recognition                                         ; Off                ; Off                ;
; Allow Any ROM Size For Recognition                                         ; Off                ; Off                ;
; Allow Any Shift Register Size For Recognition                              ; Off                ; Off                ;
; Use LogicLock Constraints during Resource Balancing                        ; On                 ; On                 ;
; Ignore translate_off and synthesis_off directives                          ; Off                ; Off                ;
; Timing-Driven Synthesis                                                    ; Off                ; Off                ;
; Show Parameter Settings Tables in Synthesis Report                         ; On                 ; On                 ;
; Ignore Maximum Fan-Out Assignments                                         ; Off                ; Off                ;
; Synchronization Register Chain Length                                      ; 2                  ; 2                  ;
; PowerPlay Power Optimization                                               ; Normal compilation ; Normal compilation ;
; HDL message level                                                          ; Level2             ; Level2             ;
; Suppress Register Optimization Related Messages                            ; Off                ; Off                ;
; Number of Removed Registers Reported in Synthesis Report                   ; 5000               ; 5000               ;
; Number of Inverted Registers Reported in Synthesis Report                  ; 100                ; 100                ;
; Clock MUX Protection                                                       ; On                 ; On                 ;
; Auto Gated Clock Conversion                                                ; Off                ; Off                ;
; Block Design Naming                                                        ; Auto               ; Auto               ;
; SDC constraint protection                                                  ; Off                ; Off                ;
; Synthesis Effort                                                           ; Auto               ; Auto               ;
; Shift Register Replacement - Allow Asynchronous Clear Signal               ; On                 ; On                 ;
; Analysis & Synthesis Message Level                                         ; Medium             ; Medium             ;
; Disable Register Merging Across Hierarchies                                ; Auto               ; Auto               ;
; Resource Aware Inference For Block RAM                                     ; On                 ; On                 ;
+----------------------------------------------------------------------------+--------------------+--------------------+


Parallel compilation was disabled, but you have multiple processors available. Enable parallel compilation to reduce compilation time.
+-------------------------------------+
; Parallel Compilation                ;
+----------------------------+--------+
; Processors                 ; Number ;
+----------------------------+--------+
; Number detected on machine ; 2      ;
; Maximum allowed            ; 1      ;
+----------------------------+--------+


+---------------------------------------------------------------------------------------------------------------------------------------------------------------------------+
; Analysis & Synthesis Source Files Read                                                                                                                                    ;
+--------------------------------------+-----------------+------------------------------------+-----------------------------------------------------------------------------+
; File Name with User-Entered Path     ; Used in Netlist ; File Type                          ; File Name with Absolute Path                                                ;
+--------------------------------------+-----------------+------------------------------------+-----------------------------------------------------------------------------+
; ../modN/modN.tdf                     ; yes             ; User AHDL File                     ; D:/Purdue/Spring 2013/229/Labs/Lab 8/Pong/modN/modN.tdf                     ;
; ../MOD525/mod525.tdf                 ; yes             ; User AHDL File                     ; D:/Purdue/Spring 2013/229/Labs/Lab 8/Pong/MOD525/mod525.tdf                 ;
; ../MOD800/mod800.tdf                 ; yes             ; User AHDL File                     ; D:/Purdue/Spring 2013/229/Labs/Lab 8/Pong/MOD800/mod800.tdf                 ;
; ../VGA_driverLab8/VGA_driverLab8.tdf ; yes             ; User AHDL File                     ; D:/Purdue/Spring 2013/229/Labs/Lab 8/Pong/VGA_driverLab8/VGA_driverLab8.tdf ;
; ../gun/gun.tdf                       ; yes             ; User AHDL File                     ; D:/Purdue/Spring 2013/229/Labs/Lab 8/Pong/gun/gun.tdf                       ;
; ../Target/target.tdf                 ; yes             ; User AHDL File                     ; D:/Purdue/Spring 2013/229/Labs/Lab 8/Pong/Target/target.tdf                 ;
; system.bdf                           ; yes             ; User Block Diagram/Schematic File  ; D:/Purdue/Spring 2013/229/Labs/Lab 8/Pong/Lab8/system.bdf                   ;
+--------------------------------------+-----------------+------------------------------------+-----------------------------------------------------------------------------+


+-----------------------------------------------------+
; Analysis & Synthesis Resource Usage Summary         ;
+---------------------------------------------+-------+
; Resource                                    ; Usage ;
+---------------------------------------------+-------+
; Estimated Total logic elements              ; 265   ;
;                                             ;       ;
; Total combinational functions               ; 265   ;
; Logic element usage by number of LUT inputs ;       ;
;     -- 4 input functions                    ; 83    ;
;     -- 3 input functions                    ; 71    ;
;     -- <=2 input functions                  ; 111   ;
;                                             ;       ;
; Logic elements by mode                      ;       ;
;     -- normal mode                          ; 149   ;
;     -- arithmetic mode                      ; 116   ;
;                                             ;       ;
; Total registers                             ; 51    ;
;     -- Dedicated logic registers            ; 51    ;
;     -- I/O registers                        ; 0     ;
;                                             ;       ;
; I/O pins                                    ; 27    ;
; Maximum fan-out node                        ; inst3 ;
; Maximum fan-out                             ; 33    ;
; Total fan-out                               ; 906   ;
; Average fan-out                             ; 2.64  ;
+---------------------------------------------+-------+


+-------------------------------------------------------------------------------------------------------------------------------------------------------------------------------------+
; Analysis & Synthesis Resource Utilization by Entity                                                                                                                                 ;
+----------------------------+-------------------+--------------+-------------+--------------+---------+-----------+------+--------------+-----------------------------+--------------+
; Compilation Hierarchy Node ; LC Combinationals ; LC Registers ; Memory Bits ; DSP Elements ; DSP 9x9 ; DSP 18x18 ; Pins ; Virtual Pins ; Full Hierarchy Name         ; Library Name ;
+----------------------------+-------------------+--------------+-------------+--------------+---------+-----------+------+--------------+-----------------------------+--------------+
; |system                    ; 265 (1)           ; 51 (1)       ; 0           ; 0            ; 0       ; 0         ; 27   ; 0            ; |system                     ; work         ;
;    |MOD525:inst6|          ; 22 (22)           ; 10 (10)      ; 0           ; 0            ; 0       ; 0         ; 0    ; 0            ; |system|MOD525:inst6        ;              ;
;    |MOD800:inst5|          ; 22 (22)           ; 10 (10)      ; 0           ; 0            ; 0       ; 0         ; 0    ; 0            ; |system|MOD800:inst5        ;              ;
;    |VGA_driverLab8:inst|   ; 120 (120)         ; 0 (0)        ; 0           ; 0            ; 0       ; 0         ; 0    ; 0            ; |system|VGA_driverLab8:inst ;              ;
;    |gun:inst8|             ; 30 (30)           ; 10 (10)      ; 0           ; 0            ; 0       ; 0         ; 0    ; 0            ; |system|gun:inst8           ;              ;
;    |modN:inst4|            ; 43 (43)           ; 10 (10)      ; 0           ; 0            ; 0       ; 0         ; 0    ; 0            ; |system|modN:inst4          ;              ;
;    |target:inst2|          ; 27 (27)           ; 10 (10)      ; 0           ; 0            ; 0       ; 0         ; 0    ; 0            ; |system|target:inst2        ;              ;
+----------------------------+-------------------+--------------+-------------+--------------+---------+-----------+------+--------------+-----------------------------+--------------+
Note: For table entries with two numbers listed, the numbers in parentheses indicate the number of resources of the given type used by the specific entity alone. The numbers listed outside of parentheses indicate the total resources of the given type used by the specific entity and all of its sub-entities in the hierarchy.


+------------------------------------------------------------------------------+
; Registers Removed During Synthesis                                           ;
+---------------------------------------+--------------------------------------+
; Register name                         ; Reason for Removal                   ;
+---------------------------------------+--------------------------------------+
; target:inst2|direction~_emulated      ; Stuck at GND due to stuck port clock ;
; Total Number of Removed Registers = 1 ;                                      ;
+---------------------------------------+--------------------------------------+


+------------------------------------------------------+
; General Register Statistics                          ;
+----------------------------------------------+-------+
; Statistic                                    ; Value ;
+----------------------------------------------+-------+
; Total registers                              ; 51    ;
; Number of registers using Synchronous Clear  ; 0     ;
; Number of registers using Synchronous Load   ; 9     ;
; Number of registers using Asynchronous Clear ; 0     ;
; Number of registers using Asynchronous Load  ; 0     ;
; Number of registers using Clock Enable       ; 16    ;
; Number of registers using Preset             ; 0     ;
+----------------------------------------------+-------+


+-------------------------------+
; Analysis & Synthesis Messages ;
+-------------------------------+
Info: *******************************************************************
Info: Running Quartus II Analysis & Synthesis
    Info: Version 9.1 Build 350 03/24/2010 Service Pack 2 SJ Web Edition
    Info: Processing started: Tue Feb 26 12:25:39 2013
Info: Command: quartus_map --read_settings_files=on --write_settings_files=off system -c system
Info: Found 1 design units, including 1 entities, in source file /purdue/spring 2013/229/labs/lab 8/pong/modn/modn.tdf
    Info: Found entity 1: modN
Info: Found 1 design units, including 1 entities, in source file /purdue/spring 2013/229/labs/lab 8/pong/mod525/mod525.tdf
    Info: Found entity 1: MOD525
Info: Found 1 design units, including 1 entities, in source file /purdue/spring 2013/229/labs/lab 8/pong/mod800/mod800.tdf
    Info: Found entity 1: MOD800
Info: Found 1 design units, including 1 entities, in source file /purdue/spring 2013/229/labs/lab 8/pong/vga_driverlab8/vga_driverlab8.tdf
    Info: Found entity 1: VGA_driverLab8
Info: Found 1 design units, including 1 entities, in source file /purdue/spring 2013/229/labs/lab 8/pong/paddle/paddle.tdf
    Info: Found entity 1: paddle
Info: Found 1 design units, including 1 entities, in source file /purdue/spring 2013/229/labs/lab 8/pong/gun/gun.tdf
    Info: Found entity 1: gun
Info: Found 1 design units, including 1 entities, in source file /purdue/spring 2013/229/labs/lab 8/pong/target/target.tdf
    Info: Found entity 1: target
Info: Found 1 design units, including 1 entities, in source file system.bdf
    Info: Found entity 1: system
Info: Elaborating entity "system" for the top level hierarchy
Info: Elaborating entity "VGA_driverLab8" for hierarchy "VGA_driverLab8:inst"
Info: Elaborating entity "MOD800" for hierarchy "MOD800:inst5"
Info: Elaborating entity "gun" for hierarchy "gun:inst8"
Info: Elaborating entity "modN" for hierarchy "modN:inst4"
Info: Elaborating entity "MOD525" for hierarchy "MOD525:inst6"
Info: Elaborating entity "target" for hierarchy "target:inst2"
Warning: Presettable and clearable registers converted to equivalent circuits with latches. Registers power-up to an undefined state, and DEVCLRn places the registers in an undefined state.
    Warning (13310): Register "target:inst2|direction" is converted into an equivalent circuit using register "target:inst2|direction~_emulated" and latch "target:inst2|direction~latch"
Info: Implemented 292 device resources after synthesis - the final resource count might be different
    Info: Implemented 12 input pins
    Info: Implemented 15 output pins
    Info: Implemented 265 logic cells
Info: Quartus II Analysis & Synthesis was successful. 0 errors, 2 warnings
    Info: Peak virtual memory: 169 megabytes
    Info: Processing ended: Tue Feb 26 12:25:41 2013
    Info: Elapsed time: 00:00:02
    Info: Total CPU time (on all processors): 00:00:02


