Flow report for Lab_11
Thu Nov 05 11:31:41 2020
Quartus II 64-Bit Version 13.0.1 Build 232 06/12/2013 Service Pack 1 SJ Full Version


---------------------
; Table of Contents ;
---------------------
  1. Legal Notice
  2. Flow Summary
  3. Flow Settings
  4. Flow Non-Default Global Settings
  5. Flow Elapsed Time
  6. Flow OS Summary
  7. Flow Log
  8. Flow Messages
  9. Flow Suppressed Messages



----------------
; Legal Notice ;
----------------
Copyright (C) 1991-2013 Altera Corporation
Your use of Altera Corporation's design tools, logic functions 
and other software and tools, and its AMPP partner logic 
functions, and any output files from any of the foregoing 
(including device programming or simulation files), and any 
associated documentation or information are expressly subject 
to the terms and conditions of the Altera Program License 
Subscription Agreement, Altera MegaCore Function License 
Agreement, or other applicable license agreement, including, 
without limitation, that your use is for the sole purpose of 
programming logic devices manufactured by Altera and sold by 
Altera or its authorized distributors.  Please refer to the 
applicable agreement for further details.



+----------------------------------------------------------------------------------------+
; Flow Summary                                                                           ;
+-------------------------------------+--------------------------------------------------+
; Flow Status                         ; Successful - Thu Nov 05 11:31:28 2020            ;
; Quartus II 64-Bit Version           ; 13.0.1 Build 232 06/12/2013 SP 1 SJ Full Version ;
; Revision Name                       ; Lab_11                                           ;
; Top-level Entity Name               ; Lab_11                                           ;
; Family                              ; Cyclone V                                        ;
; Device                              ; 5CEBA4F23C7                                      ;
; Timing Models                       ; Final                                            ;
; Logic utilization (in ALMs)         ; 33 / 18,480 ( < 1 % )                            ;
; Total registers                     ; 38                                               ;
; Total pins                          ; 6 / 224 ( 3 % )                                  ;
; Total virtual pins                  ; 0                                                ;
; Total block memory bits             ; 0 / 3,153,920 ( 0 % )                            ;
; Total DSP Blocks                    ; 0 / 66 ( 0 % )                                   ;
; Total HSSI RX PCSs                  ; 0                                                ;
; Total HSSI PMA RX Deserializers     ; 0                                                ;
; Total HSSI PMA RX ATT Deserializers ; 0                                                ;
; Total HSSI TX PCSs                  ; 0                                                ;
; Total HSSI PMA TX Serializers       ; 0                                                ;
; Total HSSI PMA TX ATT Serializers   ; 0                                                ;
; Total PLLs                          ; 0 / 4 ( 0 % )                                    ;
; Total DLLs                          ; 0 / 4 ( 0 % )                                    ;
+-------------------------------------+--------------------------------------------------+


+-----------------------------------------+
; Flow Settings                           ;
+-------------------+---------------------+
; Option            ; Setting             ;
+-------------------+---------------------+
; Start date & time ; 11/05/2020 11:30:43 ;
; Main task         ; Compilation         ;
; Revision Name     ; Lab_11              ;
+-------------------+---------------------+


+------------------------------------------------------------------------------------------------------------------------+
; Flow Non-Default Global Settings                                                                                       ;
+-------------------------------------+---------------------------------------+---------------+-------------+------------+
; Assignment Name                     ; Value                                 ; Default Value ; Entity Name ; Section Id ;
+-------------------------------------+---------------------------------------+---------------+-------------+------------+
; COMPILER_SIGNATURE_ID               ; 167746773602101.160459384320200       ; --            ; --          ; --         ;
; IP_TOOL_NAME                        ; LPM_CONSTANT                          ; --            ; --          ; --         ;
; IP_TOOL_VERSION                     ; 13.0                                  ; --            ; --          ; --         ;
; MAX_CORE_JUNCTION_TEMP              ; 85                                    ; --            ; --          ; --         ;
; MIN_CORE_JUNCTION_TEMP              ; 0                                     ; --            ; --          ; --         ;
; MISC_FILE                           ; lpm_constant0.tdf                     ; --            ; --          ; --         ;
; MISC_FILE                           ; lpm_constant0.bsf                     ; --            ; --          ; --         ;
; MISC_FILE                           ; lpm_constant0.inc                     ; --            ; --          ; --         ;
; PARTITION_COLOR                     ; 16764057                              ; --            ; --          ; Top        ;
; PARTITION_FITTER_PRESERVATION_LEVEL ; PLACEMENT_AND_ROUTING                 ; --            ; --          ; Top        ;
; PARTITION_NETLIST_TYPE              ; SOURCE                                ; --            ; --          ; Top        ;
; POWER_BOARD_THERMAL_MODEL           ; None (CONSERVATIVE)                   ; --            ; --          ; --         ;
; POWER_PRESET_COOLING_SOLUTION       ; 23 MM HEAT SINK WITH 200 LFPM AIRFLOW ; --            ; --          ; --         ;
; PROJECT_OUTPUT_DIRECTORY            ; output_files                          ; --            ; --          ; --         ;
+-------------------------------------+---------------------------------------+---------------+-------------+------------+


+-------------------------------------------------------------------------------------------------------------------------------+
; Flow Elapsed Time                                                                                                             ;
+---------------------------+--------------+-------------------------+---------------------+------------------------------------+
; Module Name               ; Elapsed Time ; Average Processors Used ; Peak Virtual Memory ; Total CPU Time (on all processors) ;
+---------------------------+--------------+-------------------------+---------------------+------------------------------------+
; Analysis & Synthesis      ; 00:00:04     ; 1.0                     ; 4669 MB             ; 00:00:01                           ;
; Fitter                    ; 00:00:27     ; 1.5                     ; 6054 MB             ; 00:00:34                           ;
; Assembler                 ; 00:00:06     ; 1.0                     ; 4715 MB             ; 00:00:05                           ;
; TimeQuest Timing Analyzer ; 00:00:12     ; 1.0                     ; 5146 MB             ; 00:00:07                           ;
; Total                     ; 00:00:49     ; --                      ; --                  ; 00:00:47                           ;
+---------------------------+--------------+-------------------------+---------------------+------------------------------------+


+----------------------------------------------------------------------------------------+
; Flow OS Summary                                                                        ;
+---------------------------+------------------+-----------+------------+----------------+
; Module Name               ; Machine Hostname ; OS Name   ; OS Version ; Processor type ;
+---------------------------+------------------+-----------+------------+----------------+
; Analysis & Synthesis      ; X-POTRB057PC16   ; Windows 7 ; 6.2        ; x86_64         ;
; Fitter                    ; X-POTRB057PC16   ; Windows 7 ; 6.2        ; x86_64         ;
; Assembler                 ; X-POTRB057PC16   ; Windows 7 ; 6.2        ; x86_64         ;
; TimeQuest Timing Analyzer ; X-POTRB057PC16   ; Windows 7 ; 6.2        ; x86_64         ;
+---------------------------+------------------+-----------+------------+----------------+


------------
; Flow Log ;
------------
quartus_map --read_settings_files=on --write_settings_files=off Lab_11 -c Lab_11
quartus_fit --read_settings_files=off --write_settings_files=off Lab_11 -c Lab_11
quartus_asm --read_settings_files=off --write_settings_files=off Lab_11 -c Lab_11
quartus_sta Lab_11 -c Lab_11



