Flow report for decode_7seg
Sun Nov 15 14:19:27 2020
Quartus II 64-Bit Version 13.0.1 Build 232 06/12/2013 Service Pack 1 SJ Full Version


---------------------
; Table of Contents ;
---------------------
  1. Legal Notice
  2. Flow Summary
  3. Flow Settings
  4. Flow Non-Default Global Settings
  5. Flow Elapsed Time
  6. Flow OS Summary
  7. Flow Log
  8. Flow Messages
  9. Flow Suppressed Messages



----------------
; Legal Notice ;
----------------
Copyright (C) 1991-2013 Altera Corporation
Your use of Altera Corporation's design tools, logic functions 
and other software and tools, and its AMPP partner logic 
functions, and any output files from any of the foregoing 
(including device programming or simulation files), and any 
associated documentation or information are expressly subject 
to the terms and conditions of the Altera Program License 
Subscription Agreement, Altera MegaCore Function License 
Agreement, or other applicable license agreement, including, 
without limitation, that your use is for the sole purpose of 
programming logic devices manufactured by Altera and sold by 
Altera or its authorized distributors.  Please refer to the 
applicable agreement for further details.



+----------------------------------------------------------------------------------------+
; Flow Summary                                                                           ;
+-------------------------------------+--------------------------------------------------+
; Flow Status                         ; Successful - Sun Nov 15 14:19:07 2020            ;
; Quartus II 64-Bit Version           ; 13.0.1 Build 232 06/12/2013 SP 1 SJ Full Version ;
; Revision Name                       ; decode_7seg                                      ;
; Top-level Entity Name               ; decode_7seg                                      ;
; Family                              ; Cyclone V                                        ;
; Device                              ; 5CEFA4F23I7                                      ;
; Timing Models                       ; Final                                            ;
; Logic utilization (in ALMs)         ; 4 / 18,480 ( < 1 % )                             ;
; Total registers                     ; 0                                                ;
; Total pins                          ; 11 / 224 ( 5 % )                                 ;
; Total virtual pins                  ; 0                                                ;
; Total block memory bits             ; 0 / 3,153,920 ( 0 % )                            ;
; Total DSP Blocks                    ; 0 / 66 ( 0 % )                                   ;
; Total HSSI RX PCSs                  ; 0                                                ;
; Total HSSI PMA RX Deserializers     ; 0                                                ;
; Total HSSI PMA RX ATT Deserializers ; 0                                                ;
; Total HSSI TX PCSs                  ; 0                                                ;
; Total HSSI PMA TX Serializers       ; 0                                                ;
; Total HSSI PMA TX ATT Serializers   ; 0                                                ;
; Total PLLs                          ; 0 / 4 ( 0 % )                                    ;
; Total DLLs                          ; 0 / 4 ( 0 % )                                    ;
+-------------------------------------+--------------------------------------------------+


+-----------------------------------------+
; Flow Settings                           ;
+-------------------+---------------------+
; Option            ; Setting             ;
+-------------------+---------------------+
; Start date & time ; 11/15/2020 14:18:01 ;
; Main task         ; Compilation         ;
; Revision Name     ; decode_7seg         ;
+-------------------+---------------------+


+------------------------------------------------------------------------------------------------------------------+
; Flow Non-Default Global Settings                                                                                 ;
+-------------------------------------+---------------------------------+---------------+-------------+------------+
; Assignment Name                     ; Value                           ; Default Value ; Entity Name ; Section Id ;
+-------------------------------------+---------------------------------+---------------+-------------+------------+
; COMPILER_SIGNATURE_ID               ; 211375645809850.160546788122816 ; --            ; --          ; --         ;
; MAX_CORE_JUNCTION_TEMP              ; 100                             ; --            ; --          ; --         ;
; MIN_CORE_JUNCTION_TEMP              ; -40                             ; --            ; --          ; --         ;
; OUTPUT_IO_TIMING_FAR_END_VMEAS      ; Half Signal Swing               ; --            ; --          ; --         ;
; OUTPUT_IO_TIMING_FAR_END_VMEAS      ; Half Signal Swing               ; --            ; --          ; --         ;
; OUTPUT_IO_TIMING_NEAR_END_VMEAS     ; Half Vccio                      ; --            ; --          ; --         ;
; OUTPUT_IO_TIMING_NEAR_END_VMEAS     ; Half Vccio                      ; --            ; --          ; --         ;
; PARTITION_COLOR                     ; 16764057                        ; --            ; --          ; Top        ;
; PARTITION_FITTER_PRESERVATION_LEVEL ; PLACEMENT_AND_ROUTING           ; --            ; --          ; Top        ;
; PARTITION_NETLIST_TYPE              ; SOURCE                          ; --            ; --          ; Top        ;
; PROJECT_OUTPUT_DIRECTORY            ; output_files                    ; --            ; --          ; --         ;
+-------------------------------------+---------------------------------+---------------+-------------+------------+


+-------------------------------------------------------------------------------------------------------------------------------+
; Flow Elapsed Time                                                                                                             ;
+---------------------------+--------------+-------------------------+---------------------+------------------------------------+
; Module Name               ; Elapsed Time ; Average Processors Used ; Peak Virtual Memory ; Total CPU Time (on all processors) ;
+---------------------------+--------------+-------------------------+---------------------+------------------------------------+
; Analysis & Synthesis      ; 00:00:03     ; 1.0                     ; 4680 MB             ; 00:00:01                           ;
; Fitter                    ; 00:00:24     ; 1.1                     ; 6055 MB             ; 00:00:25                           ;
; Assembler                 ; 00:00:21     ; 1.0                     ; 4730 MB             ; 00:00:05                           ;
; TimeQuest Timing Analyzer ; 00:00:17     ; 1.0                     ; 5163 MB             ; 00:00:06                           ;
; Total                     ; 00:01:05     ; --                      ; --                  ; 00:00:37                           ;
+---------------------------+--------------+-------------------------+---------------------+------------------------------------+


+----------------------------------------------------------------------------------------+
; Flow OS Summary                                                                        ;
+---------------------------+------------------+-----------+------------+----------------+
; Module Name               ; Machine Hostname ; OS Name   ; OS Version ; Processor type ;
+---------------------------+------------------+-----------+------------+----------------+
; Analysis & Synthesis      ; X-lt-nwidmer01   ; Windows 7 ; 6.2        ; x86_64         ;
; Fitter                    ; X-lt-nwidmer01   ; Windows 7 ; 6.2        ; x86_64         ;
; Assembler                 ; X-lt-nwidmer01   ; Windows 7 ; 6.2        ; x86_64         ;
; TimeQuest Timing Analyzer ; X-lt-nwidmer01   ; Windows 7 ; 6.2        ; x86_64         ;
+---------------------------+------------------+-----------+------------+----------------+


------------
; Flow Log ;
------------
quartus_map --read_settings_files=on --write_settings_files=off decode_7seg -c decode_7seg
quartus_fit --read_settings_files=off --write_settings_files=off decode_7seg -c decode_7seg
quartus_asm --read_settings_files=off --write_settings_files=off decode_7seg -c decode_7seg
quartus_sta decode_7seg -c decode_7seg



